# JRE version: OpenJDK Runtime Environment (8.0_202-b03) (build 1.8.0_202-release-1483-b03)
# Java VM: OpenJDK 64-Bit Server VM (25.202-b03 mixed mode windows-amd64 compressed oops)
Heap:
 PSYoungGen      total 242688K, used 233524K [0x00000000e0000000, 0x00000000f0d00000, 0x0000000100000000)
  eden space 212992K, 100% used [0x00000000e0000000,0x00000000ed000000,0x00000000ed000000)
  from space 29696K, 69% used [0x00000000ef000000,0x00000000f040d238,0x00000000f0d00000)
  to   space 31232K, 50% used [0x00000000ed000000,0x00000000edf4b748,0x00000000eee80000)
 ParOldGen       total 90624K, used 53171K [0x00000000a0000000, 0x00000000a5880000, 0x00000000e0000000)
  object space 90624K, 58% used [0x00000000a0000000,0x00000000a33ecdc0,0x00000000a5880000)
 Metaspace       used 96137K, capacity 100218K, committed 100440K, reserved 1136640K
  class space    used 12510K, capacity 13337K, committed 13440K, reserved 1048576K
GC Heap History (10 events):
Event: 5439.277 GC heap after
Heap after GC invocations=20 (full 3):
 PSYoungGen      total 203776K, used 19985K [0x00000000e0000000, 0x00000000ef100000, 0x0000000100000000)
  eden space 183296K, 0% used [0x00000000e0000000,0x00000000e0000000,0x00000000eb300000)
  from space 20480K, 97% used [0x00000000ecb00000,0x00000000ede84418,0x00000000edf00000)
  to   space 18432K, 0% used [0x00000000edf00000,0x00000000edf00000,0x00000000ef100000)
 ParOldGen       total 90624K, used 60240K [0x00000000a0000000, 0x00000000a5880000, 0x00000000e0000000)
  object space 90624K, 66% used [0x00000000a0000000,0x00000000a3ad4210,0x00000000a5880000)
 Metaspace       used 77343K, capacity 80032K, committed 80216K, reserved 1118208K
  class space    used 10113K, capacity 10754K, committed 10880K, reserved 1048576K
}
Event: 5439.277 GC heap before
{Heap before GC invocations=21 (full 4):
 PSYoungGen      total 203776K, used 19985K [0x00000000e0000000, 0x00000000ef100000, 0x0000000100000000)
  eden space 183296K, 0% used [0x00000000e0000000,0x00000000e0000000,0x00000000eb300000)
  from space 20480K, 97% used [0x00000000ecb00000,0x00000000ede84418,0x00000000edf00000)
  to   space 18432K, 0% used [0x00000000edf00000,0x00000000edf00000,0x00000000ef100000)
 ParOldGen       total 90624K, used 60240K [0x00000000a0000000, 0x00000000a5880000, 0x00000000e0000000)
  object space 90624K, 66% used [0x00000000a0000000,0x00000000a3ad4210,0x00000000a5880000)
 Metaspace       used 77343K, capacity 80032K, committed 80216K, reserved 1118208K
  class space    used 10113K, capacity 10754K, committed 10880K, reserved 1048576K
Event: 5442.546 GC heap after
Heap after GC invocations=21 (full 4):
 PSYoungGen      total 203776K, used 0K [0x00000000e0000000, 0x00000000ef100000, 0x0000000100000000)
  eden space 183296K, 0% used [0x00000000e0000000,0x00000000e0000000,0x00000000eb300000)
  from space 20480K, 0% used [0x00000000ecb00000,0x00000000ecb00000,0x00000000edf00000)
  to   space 18432K, 0% used [0x00000000edf00000,0x00000000edf00000,0x00000000ef100000)
 ParOldGen       total 90624K, used 53139K [0x00000000a0000000, 0x00000000a5880000, 0x00000000e0000000)
  object space 90624K, 58% used [0x00000000a0000000,0x00000000a33e4dc0,0x00000000a5880000)
 Metaspace       used 77225K, capacity 79734K, committed 80216K, reserved 1118208K
  class space    used 10075K, capacity 10685K, committed 10880K, reserved 1048576K
}
Event: 5529.935 GC heap before
{Heap before GC invocations=22 (full 4):
 PSYoungGen      total 203776K, used 183296K [0x00000000e0000000, 0x00000000ef100000, 0x0000000100000000)
  eden space 183296K, 100% used [0x00000000e0000000,0x00000000eb300000,0x00000000eb300000)
  from space 20480K, 0% used [0x00000000ecb00000,0x00000000ecb00000,0x00000000edf00000)
  to   space 18432K, 0% used [0x00000000edf00000,0x00000000edf00000,0x00000000ef100000)
 ParOldGen       total 90624K, used 53139K [0x00000000a0000000, 0x00000000a5880000, 0x00000000e0000000)
  object space 90624K, 58% used [0x00000000a0000000,0x00000000a33e4dc0,0x00000000a5880000)
 Metaspace       used 83496K, capacity 86022K, committed 86488K, reserved 1124352K
  class space    used 10776K, capacity 11343K, committed 11520K, reserved 1048576K
Event: 5529.997 GC heap after
Heap after GC invocations=22 (full 4):
 PSYoungGen      total 217600K, used 13601K [0x00000000e0000000, 0x00000000efe00000, 0x0000000100000000)
  eden space 199168K, 0% used [0x00000000e0000000,0x00000000e0000000,0x00000000ec280000)
  from space 18432K, 73% used [0x00000000edf00000,0x00000000eec484e8,0x00000000ef100000)
  to   space 29184K, 0% used [0x00000000ec280000,0x00000000ec280000,0x00000000edf00000)
 ParOldGen       total 90624K, used 53155K [0x00000000a0000000, 0x00000000a5880000, 0x00000000e0000000)
  object space 90624K, 58% used [0x00000000a0000000,0x00000000a33e8dc0,0x00000000a5880000)
 Metaspace       used 83496K, capacity 86022K, committed 86488K, reserved 1124352K
  class space    used 10776K, capacity 11343K, committed 11520K, reserved 1048576K
}
Event: 5571.095 GC heap before
{Heap before GC invocations=23 (full 4):
 PSYoungGen      total 217600K, used 212769K [0x00000000e0000000, 0x00000000efe00000, 0x0000000100000000)
  eden space 199168K, 100% used [0x00000000e0000000,0x00000000ec280000,0x00000000ec280000)
  from space 18432K, 73% used [0x00000000edf00000,0x00000000eec484e8,0x00000000ef100000)
  to   space 29184K, 0% used [0x00000000ec280000,0x00000000ec280000,0x00000000edf00000)
 ParOldGen       total 90624K, used 53155K [0x00000000a0000000, 0x00000000a5880000, 0x00000000e0000000)
  object space 90624K, 58% used [0x00000000a0000000,0x00000000a33e8dc0,0x00000000a5880000)
 Metaspace       used 92365K, capacity 95800K, committed 95832K, reserved 1132544K
  class space    used 11969K, capacity 12670K, committed 12672K, reserved 1048576K
Event: 5571.133 GC heap after
Heap after GC invocations=23 (full 4):
 PSYoungGen      total 228352K, used 20388K [0x00000000e0000000, 0x00000000f0d80000, 0x0000000100000000)
  eden space 199168K, 0% used [0x00000000e0000000,0x00000000e0000000,0x00000000ec280000)
  from space 29184K, 69% used [0x00000000ec280000,0x00000000ed669000,0x00000000edf00000)
  to   space 30208K, 0% used [0x00000000ef000000,0x00000000ef000000,0x00000000f0d80000)
 ParOldGen       total 90624K, used 53155K [0x00000000a0000000, 0x00000000a5880000, 0x00000000e0000000)
  object space 90624K, 58% used [0x00000000a0000000,0x00000000a33e8dc0,0x00000000a5880000)
 Metaspace       used 92365K, capacity 95800K, committed 95832K, reserved 1132544K
  class space    used 11969K, capacity 12670K, committed 12672K, reserved 1048576K
}
Event: 5672.591 GC heap before
{Heap before GC invocations=24 (full 4):
 PSYoungGen      total 228352K, used 219556K [0x00000000e0000000, 0x00000000f0d80000, 0x0000000100000000)
  eden space 199168K, 100% used [0x00000000e0000000,0x00000000ec280000,0x00000000ec280000)
  from space 29184K, 69% used [0x00000000ec280000,0x00000000ed669000,0x00000000edf00000)
  to   space 30208K, 0% used [0x00000000ef000000,0x00000000ef000000,0x00000000f0d80000)
 ParOldGen       total 90624K, used 53155K [0x00000000a0000000, 0x00000000a5880000, 0x00000000e0000000)
  object space 90624K, 58% used [0x00000000a0000000,0x00000000a33e8dc0,0x00000000a5880000)
 Metaspace       used 95528K, capacity 99394K, committed 99544K, reserved 1136640K
  class space    used 12453K, capacity 13221K, committed 13312K, reserved 1048576K
Event: 5672.676 GC heap after
Heap after GC invocations=24 (full 4):
 PSYoungGen      total 242688K, used 20532K [0x00000000e0000000, 0x00000000f0d00000, 0x0000000100000000)
  eden space 212992K, 0% used [0x00000000e0000000,0x00000000e0000000,0x00000000ed000000)
  from space 29696K, 69% used [0x00000000ef000000,0x00000000f040d238,0x00000000f0d00000)
  to   space 31232K, 0% used [0x00000000ed000000,0x00000000ed000000,0x00000000eee80000)
 ParOldGen       total 90624K, used 53171K [0x00000000a0000000, 0x00000000a5880000, 0x00000000e0000000)
  object space 90624K, 58% used [0x00000000a0000000,0x00000000a33ecdc0,0x00000000a5880000)
 Metaspace       used 95528K, capacity 99394K, committed 99544K, reserved 1136640K
  class space    used 12453K, capacity 13221K, committed 13312K, reserved 1048576K
}
Event: 6150.171 GC heap before
{Heap before GC invocations=25 (full 4):
 PSYoungGen      total 242688K, used 233524K [0x00000000e0000000, 0x00000000f0d00000, 0x0000000100000000)
  eden space 212992K, 100% used [0x00000000e0000000,0x00000000ed000000,0x00000000ed000000)
  from space 29696K, 69% used [0x00000000ef000000,0x00000000f040d238,0x00000000f0d00000)
  to   space 31232K, 0% used [0x00000000ed000000,0x00000000ed000000,0x00000000eee80000)
 ParOldGen       total 90624K, used 53171K [0x00000000a0000000, 0x00000000a5880000, 0x00000000e0000000)
  object space 90624K, 58% used [0x00000000a0000000,0x00000000a33ecdc0,0x00000000a5880000)
 Metaspace       used 96137K, capacity 100218K, committed 100440K, reserved 1136640K
  class space    used 12510K, capacity 13337K, committed 13440K, reserved 1048576K

